<?xml version="1.0" encoding="UTF-8"?>
<!DOCTYPE mapper PUBLIC "-//mybatis.org//DTD Mapper 3.0//EN" "http://mybatis.org/dtd/mybatis-3-mapper.dtd">

<mapper namespace="com.akis.framework.mapper.TestMapper">
	<!-- DB 전체조회 테스트 -->
	<select id="listAll" resultType="TestVO">
        select * from akis_test 
	</select>

</mapper>
